[INFO  - 2016-03-20T17:30:01.139Z] GhostDriver - Main - running on port 64842
[INFO  - 2016-03-20T17:30:01.331Z] Session [601b7860-eec1-11e5-b2f0-af8952a47eb6] - page.settings - {"XSSAuditingEnabled":false,"javascriptCanCloseWindows":true,"javascriptCanOpenWindows":true,"javascriptEnabled":true,"loadImages":true,"localToRemoteUrlAccessEnabled":false,"userAgent":"Mozilla/5.0 (X11; Linux x86_64) AppleWebKit/53 (KHTML, like Gecko) Chrome/15.0.87","webSecurityEnabled":true}
[INFO  - 2016-03-20T17:30:01.331Z] Session [601b7860-eec1-11e5-b2f0-af8952a47eb6] - page.customHeaders:  - {}
[INFO  - 2016-03-20T17:30:01.331Z] Session [601b7860-eec1-11e5-b2f0-af8952a47eb6] - Session.negotiatedCapabilities - {"browserName":"phantomjs","version":"2.1.1","driverName":"ghostdriver","driverVersion":"1.2.0","platform":"windows-10-32bit","javascriptEnabled":true,"takesScreenshot":true,"handlesAlerts":false,"databaseEnabled":false,"locationContextEnabled":false,"applicationCacheEnabled":false,"browserConnectionEnabled":false,"cssSelectorsEnabled":true,"webStorageEnabled":false,"rotatable":false,"acceptSslCerts":false,"nativeEvents":true,"proxy":{"proxyType":"direct"},"phantomjs.page.settings.userAgent":"Mozilla/5.0 (X11; Linux x86_64) AppleWebKit/53 (KHTML, like Gecko) Chrome/15.0.87"}
[INFO  - 2016-03-20T17:30:01.331Z] SessionManagerReqHand - _postNewSessionCommand - New Session Created: 601b7860-eec1-11e5-b2f0-af8952a47eb6
[ERROR - 2016-03-20T17:30:04.230Z] Session [601b7860-eec1-11e5-b2f0-af8952a47eb6] - page.onError - msg: Error: undefined is not an object (evaluating 'b.flightOption.errorReferrenceNumber')
https://www.aerlingus.com/scripts/concat/flightsearchresult.js:717:6631
$digest@https://www.aerlingus.com/scripts/concat/flightsearchresult.js:2:24836
$apply@https://www.aerlingus.com/scripts/concat/flightsearchresult.js:2:26365
i@https://www.aerlingus.com/scripts/concat/flightsearchresult.js:2:5347
r@https://www.aerlingus.com/scripts/concat/flightsearchresult.js:2:7655
onreadystatechange@https://www.aerlingus.com/scripts/concat/flightsearchresult.js:2:8231

  phantomjs://platform/console++.js:263 in error
[ERROR - 2016-03-20T17:30:04.231Z] Session [601b7860-eec1-11e5-b2f0-af8952a47eb6] - page.onError - stack:
  (anonymous function) (https://www.aerlingus.com/scripts/concat/flightsearchresult.js:2)

  phantomjs://platform/console++.js:263 in error
[ERROR - 2016-03-20T17:30:09.907Z] Session [601b7860-eec1-11e5-b2f0-af8952a47eb6] - page.onError - msg: Error: undefined is not an object (evaluating 'b.flightOption.errorReferrenceNumber')
https://www.aerlingus.com/scripts/concat/flightsearchresult.js:717:6631
$digest@https://www.aerlingus.com/scripts/concat/flightsearchresult.js:2:24836
$apply@https://www.aerlingus.com/scripts/concat/flightsearchresult.js:2:26365
i@https://www.aerlingus.com/scripts/concat/flightsearchresult.js:2:5347
r@https://www.aerlingus.com/scripts/concat/flightsearchresult.js:2:7655
onreadystatechange@https://www.aerlingus.com/scripts/concat/flightsearchresult.js:2:8231

  phantomjs://platform/console++.js:263 in error
[ERROR - 2016-03-20T17:30:09.907Z] Session [601b7860-eec1-11e5-b2f0-af8952a47eb6] - page.onError - stack:
  (anonymous function) (https://www.aerlingus.com/scripts/concat/flightsearchresult.js:2)

  phantomjs://platform/console++.js:263 in error
[ERROR - 2016-03-20T17:30:17.243Z] Session [601b7860-eec1-11e5-b2f0-af8952a47eb6] - page.onError - msg: Error: undefined is not an object (evaluating 'b.flightOption.errorReferrenceNumber')
https://www.aerlingus.com/scripts/concat/flightsearchresult.js:717:6631
$digest@https://www.aerlingus.com/scripts/concat/flightsearchresult.js:2:24836
$apply@https://www.aerlingus.com/scripts/concat/flightsearchresult.js:2:26365
i@https://www.aerlingus.com/scripts/concat/flightsearchresult.js:2:5347
r@https://www.aerlingus.com/scripts/concat/flightsearchresult.js:2:7655
onreadystatechange@https://www.aerlingus.com/scripts/concat/flightsearchresult.js:2:8231

  phantomjs://platform/console++.js:263 in error
[ERROR - 2016-03-20T17:30:17.243Z] Session [601b7860-eec1-11e5-b2f0-af8952a47eb6] - page.onError - stack:
  (anonymous function) (https://www.aerlingus.com/scripts/concat/flightsearchresult.js:2)

  phantomjs://platform/console++.js:263 in error
n error
